<?xml version="1.0" encoding="UTF-8"?>
<!-- Generated by org.testng.reporters.JUnitReportReporter -->
<testsuite hostname="LAPTOP-5UAOB2N7" failures="0" tests="1" name="allComorbidities_recepies.Pagination" time="60.310" errors="0" timestamp="2023-12-16T01:19:42 EST" skipped="0">
  <testcase classname="allComorbidities_recepies.Pagination" name="allrecipe" time="60.310"/>
</testsuite> <!-- allComorbidities_recepies.Pagination -->
